2025/09/05 00:14:03 [LOG] Todos los logs se guardarán en webrtc_server.log
2025/09/05 00:14:03 [Server] Iniciando configuración de rutas HTTP...
2025/09/05 00:14:03 [Server] Escuchando en puerto 8080 (endpoints /watch, /stream, /streamui, /watchui)
2025/09/05 00:14:18 [Signaling] Petición recibida en /stream
2025/09/05 00:14:18 [Signaling] Oferta SDP recibida. Creando sesión WebRTC...
2025/09/05 00:14:18 [WebRTC] Creando nueva sesión WebRTC...
2025/09/05 00:14:18 [WebRTC] Registrando codecs...
2025/09/05 00:14:18 [WebRTC] Configurando interceptores...
2025/09/05 00:14:18 [WebRTC] Creando PeerConnection...
2025/09/05 00:14:18 [WebRTC] PeerConnection creado correctamente.
2025/09/05 00:14:18 [ICE] State: checking
2025/09/05 00:14:18 [PeerConnection] State: connecting
2025/09/05 00:14:18 [Signaling] Respondiendo con answer SDP.
2025/09/05 00:14:18 [ICE] State: connected
2025/09/05 00:14:18 [PeerConnection] State: connected
2025/09/05 00:14:18 [WebRTC] Recibido nuevo track: kind=audio, ssrc=207990668, id={fb575c33-8c3e-4c86-8211-99bc94b9671d}
2025/09/05 00:14:18 [WebRTC] Recibido nuevo track: kind=video, ssrc=2259304581, id={e9f6f2f5-30e8-4102-98a4-c9c65207fa8b}
2025/09/05 00:14:18 [FFmpeg] Primer track de video, arrancando pipeline MJPEG...
2025/09/05 00:14:18 [RTCP] PLI enviado (intento 1/5) ssrc=2259304581
2025/09/05 00:14:18 [FFmpeg] Lanzando ffmpeg en modo image2pipe -> MJPEG...
2025/09/05 00:14:18 [RTCP] PLI enviado (intento 2/5) ssrc=2259304581
2025/09/05 00:14:19 [RTCP] PLI enviado (intento 3/5) ssrc=2259304581
2025/09/05 00:14:20 [RTCP] PLI enviado (intento 4/5) ssrc=2259304581
2025/09/05 00:14:22 [RTCP] PLI enviado (intento 5/5) ssrc=2259304581
2025/09/05 00:14:27 [RTCP] Finalizados intentos de PLI para ssrc=2259304581 (max 5 intentos)
